2026-05-26 21:49:01 [[31merror[39m]: NotFoundError: Can't find /api/v1/health on this server!
    at C:\Users\Sneha\Desktop\sepmProject\CampusPulse\backend\src\app.js:38:10
    at Layer.handleRequest (C:\Users\Sneha\Desktop\sepmProject\CampusPulse\backend\node_modules\router\lib\layer.js:152:17)
    at trimPrefix (C:\Users\Sneha\Desktop\sepmProject\CampusPulse\backend\node_modules\router\index.js:342:13)
    at C:\Users\Sneha\Desktop\sepmProject\CampusPulse\backend\node_modules\router\index.js:297:9
    at processParams (C:\Users\Sneha\Desktop\sepmProject\CampusPulse\backend\node_modules\router\index.js:582:12)
    at next (C:\Users\Sneha\Desktop\sepmProject\CampusPulse\backend\node_modules\router\index.js:291:5)
    at C:\Users\Sneha\Desktop\sepmProject\CampusPulse\backend\node_modules\router\index.js:688:15
    at next (C:\Users\Sneha\Desktop\sepmProject\CampusPulse\backend\node_modules\router\index.js:276:14)
    at Function.handle (C:\Users\Sneha\Desktop\sepmProject\CampusPulse\backend\node_modules\router\index.js:186:3)
    at router (C:\Users\Sneha\Desktop\sepmProject\CampusPulse\backend\node_modules\router\index.js:60:12) 
2026-05-26 21:53:22 [[31merror[39m]: TypeError: Invalid status code: {"timestamp":"2026-05-26T16:23:22.844Z","uptime":5.3774767}. Status code must be an integer.
    at ServerResponse.status (C:\Users\Sneha\Desktop\sepmProject\CampusPulse\backend\node_modules\express\lib\response.js:67:11)
    at exports.successResponse (C:\Users\Sneha\Desktop\sepmProject\CampusPulse\backend\src\utils\apiResponse.js:39:16)
    at C:\Users\Sneha\Desktop\sepmProject\CampusPulse\backend\src\app.js:27:5
    at Layer.handleRequest (C:\Users\Sneha\Desktop\sepmProject\CampusPulse\backend\node_modules\router\lib\layer.js:152:17)
    at next (C:\Users\Sneha\Desktop\sepmProject\CampusPulse\backend\node_modules\router\lib\route.js:157:13)
    at Route.dispatch (C:\Users\Sneha\Desktop\sepmProject\CampusPulse\backend\node_modules\router\lib\route.js:117:3)
    at handle (C:\Users\Sneha\Desktop\sepmProject\CampusPulse\backend\node_modules\router\index.js:435:11)
    at Layer.handleRequest (C:\Users\Sneha\Desktop\sepmProject\CampusPulse\backend\node_modules\router\lib\layer.js:152:17)
    at C:\Users\Sneha\Desktop\sepmProject\CampusPulse\backend\node_modules\router\index.js:295:15
    at processParams (C:\Users\Sneha\Desktop\sepmProject\CampusPulse\backend\node_modules\router\index.js:582:12) 
2026-05-26 21:53:46 [[31merror[39m]: TypeError: Invalid status code: {"timestamp":"2026-05-26T16:23:46.359Z","uptime":28.8922931}. Status code must be an integer.
    at ServerResponse.status (C:\Users\Sneha\Desktop\sepmProject\CampusPulse\backend\node_modules\express\lib\response.js:67:11)
    at exports.successResponse (C:\Users\Sneha\Desktop\sepmProject\CampusPulse\backend\src\utils\apiResponse.js:39:16)
    at C:\Users\Sneha\Desktop\sepmProject\CampusPulse\backend\src\app.js:27:5
    at Layer.handleRequest (C:\Users\Sneha\Desktop\sepmProject\CampusPulse\backend\node_modules\router\lib\layer.js:152:17)
    at next (C:\Users\Sneha\Desktop\sepmProject\CampusPulse\backend\node_modules\router\lib\route.js:157:13)
    at Route.dispatch (C:\Users\Sneha\Desktop\sepmProject\CampusPulse\backend\node_modules\router\lib\route.js:117:3)
    at handle (C:\Users\Sneha\Desktop\sepmProject\CampusPulse\backend\node_modules\router\index.js:435:11)
    at Layer.handleRequest (C:\Users\Sneha\Desktop\sepmProject\CampusPulse\backend\node_modules\router\lib\layer.js:152:17)
    at C:\Users\Sneha\Desktop\sepmProject\CampusPulse\backend\node_modules\router\index.js:295:15
    at processParams (C:\Users\Sneha\Desktop\sepmProject\CampusPulse\backend\node_modules\router\index.js:582:12) 
2026-05-26 21:58:10 [[31merror[39m]: NotFoundError: Can't find /api/v1/auth/register on this server!
    at C:\Users\Sneha\Desktop\sepmProject\CampusPulse\backend\src\app.js:38:10
    at Layer.handleRequest (C:\Users\Sneha\Desktop\sepmProject\CampusPulse\backend\node_modules\router\lib\layer.js:152:17)
    at trimPrefix (C:\Users\Sneha\Desktop\sepmProject\CampusPulse\backend\node_modules\router\index.js:342:13)
    at C:\Users\Sneha\Desktop\sepmProject\CampusPulse\backend\node_modules\router\index.js:297:9
    at processParams (C:\Users\Sneha\Desktop\sepmProject\CampusPulse\backend\node_modules\router\index.js:582:12)
    at next (C:\Users\Sneha\Desktop\sepmProject\CampusPulse\backend\node_modules\router\index.js:291:5)
    at C:\Users\Sneha\Desktop\sepmProject\CampusPulse\backend\node_modules\router\index.js:688:15
    at next (C:\Users\Sneha\Desktop\sepmProject\CampusPulse\backend\node_modules\router\index.js:276:14)
    at C:\Users\Sneha\Desktop\sepmProject\CampusPulse\backend\node_modules\router\index.js:688:15
    at next (C:\Users\Sneha\Desktop\sepmProject\CampusPulse\backend\node_modules\router\index.js:276:14) 
2026-05-26 22:00:31 [[31merror[39m]: TypeError: Cannot read properties of undefined (reading 'user')
    at C:\Users\Sneha\Desktop\sepmProject\CampusPulse\backend\src\controllers\auth.controller.js:8:87
    at C:\Users\Sneha\Desktop\sepmProject\CampusPulse\backend\src\utils\asyncHandler.js:3:25
    at Layer.handleRequest (C:\Users\Sneha\Desktop\sepmProject\CampusPulse\backend\node_modules\router\lib\layer.js:152:17)
    at next (C:\Users\Sneha\Desktop\sepmProject\CampusPulse\backend\node_modules\router\lib\route.js:157:13)
    at Route.dispatch (C:\Users\Sneha\Desktop\sepmProject\CampusPulse\backend\node_modules\router\lib\route.js:117:3)
    at handle (C:\Users\Sneha\Desktop\sepmProject\CampusPulse\backend\node_modules\router\index.js:435:11)
    at Layer.handleRequest (C:\Users\Sneha\Desktop\sepmProject\CampusPulse\backend\node_modules\router\lib\layer.js:152:17)
    at C:\Users\Sneha\Desktop\sepmProject\CampusPulse\backend\node_modules\router\index.js:295:15
    at processParams (C:\Users\Sneha\Desktop\sepmProject\CampusPulse\backend\node_modules\router\index.js:582:12)
    at next (C:\Users\Sneha\Desktop\sepmProject\CampusPulse\backend\node_modules\router\index.js:291:5) 
2026-05-26 22:01:52 [[31merror[39m]: TypeError: Cannot read properties of undefined (reading 'user')
    at C:\Users\Sneha\Desktop\sepmProject\CampusPulse\backend\src\controllers\auth.controller.js:8:87
    at C:\Users\Sneha\Desktop\sepmProject\CampusPulse\backend\src\utils\asyncHandler.js:3:25
    at Layer.handleRequest (C:\Users\Sneha\Desktop\sepmProject\CampusPulse\backend\node_modules\router\lib\layer.js:152:17)
    at next (C:\Users\Sneha\Desktop\sepmProject\CampusPulse\backend\node_modules\router\lib\route.js:157:13)
    at Route.dispatch (C:\Users\Sneha\Desktop\sepmProject\CampusPulse\backend\node_modules\router\lib\route.js:117:3)
    at handle (C:\Users\Sneha\Desktop\sepmProject\CampusPulse\backend\node_modules\router\index.js:435:11)
    at Layer.handleRequest (C:\Users\Sneha\Desktop\sepmProject\CampusPulse\backend\node_modules\router\lib\layer.js:152:17)
    at C:\Users\Sneha\Desktop\sepmProject\CampusPulse\backend\node_modules\router\index.js:295:15
    at processParams (C:\Users\Sneha\Desktop\sepmProject\CampusPulse\backend\node_modules\router\index.js:582:12)
    at next (C:\Users\Sneha\Desktop\sepmProject\CampusPulse\backend\node_modules\router\index.js:291:5) 
2026-05-26 22:02:14 [[31merror[39m]: TypeError: Cannot read properties of undefined (reading 'user')
    at C:\Users\Sneha\Desktop\sepmProject\CampusPulse\backend\src\controllers\auth.controller.js:8:87
    at C:\Users\Sneha\Desktop\sepmProject\CampusPulse\backend\src\utils\asyncHandler.js:3:25
    at Layer.handleRequest (C:\Users\Sneha\Desktop\sepmProject\CampusPulse\backend\node_modules\router\lib\layer.js:152:17)
    at next (C:\Users\Sneha\Desktop\sepmProject\CampusPulse\backend\node_modules\router\lib\route.js:157:13)
    at Route.dispatch (C:\Users\Sneha\Desktop\sepmProject\CampusPulse\backend\node_modules\router\lib\route.js:117:3)
    at handle (C:\Users\Sneha\Desktop\sepmProject\CampusPulse\backend\node_modules\router\index.js:435:11)
    at Layer.handleRequest (C:\Users\Sneha\Desktop\sepmProject\CampusPulse\backend\node_modules\router\lib\layer.js:152:17)
    at C:\Users\Sneha\Desktop\sepmProject\CampusPulse\backend\node_modules\router\index.js:295:15
    at processParams (C:\Users\Sneha\Desktop\sepmProject\CampusPulse\backend\node_modules\router\index.js:582:12)
    at next (C:\Users\Sneha\Desktop\sepmProject\CampusPulse\backend\node_modules\router\index.js:291:5) 
2026-05-26 22:08:22 [[31merror[39m]: Error: Invalid role specified.
    at AuthService.registerUser (C:\Users\Sneha\Desktop\sepmProject\CampusPulse\backend\src\services\auth.service.js:8:56)
    at C:\Users\Sneha\Desktop\sepmProject\CampusPulse\backend\src\controllers\auth.controller.js:8:36
    at C:\Users\Sneha\Desktop\sepmProject\CampusPulse\backend\src\utils\asyncHandler.js:3:25
    at Layer.handleRequest (C:\Users\Sneha\Desktop\sepmProject\CampusPulse\backend\node_modules\router\lib\layer.js:152:17)
    at next (C:\Users\Sneha\Desktop\sepmProject\CampusPulse\backend\node_modules\router\lib\route.js:157:13)
    at Route.dispatch (C:\Users\Sneha\Desktop\sepmProject\CampusPulse\backend\node_modules\router\lib\route.js:117:3)
    at handle (C:\Users\Sneha\Desktop\sepmProject\CampusPulse\backend\node_modules\router\index.js:435:11)
    at Layer.handleRequest (C:\Users\Sneha\Desktop\sepmProject\CampusPulse\backend\node_modules\router\lib\layer.js:152:17)
    at C:\Users\Sneha\Desktop\sepmProject\CampusPulse\backend\node_modules\router\index.js:295:15
    at processParams (C:\Users\Sneha\Desktop\sepmProject\CampusPulse\backend\node_modules\router\index.js:582:12) 
2026-05-26 22:16:14 [[31merror[39m]: Error: Validation failed: fullName is required
    at UserRepository.create (C:\Users\Sneha\Desktop\sepmProject\CampusPulse\backend\src\repositories\user.repository.js:24:19)
    at AuthService.registerUser (C:\Users\Sneha\Desktop\sepmProject\CampusPulse\backend\src\services\auth.service.js:17:37)
    at process.processTicksAndRejections (node:internal/process/task_queues:105:5)
    at async C:\Users\Sneha\Desktop\sepmProject\CampusPulse\backend\src\controllers\auth.controller.js:8:18 
2026-05-26 22:21:23 [[31merror[39m]: Error: Email is already in use.
    at AuthService.registerUser (C:\Users\Sneha\Desktop\sepmProject\CampusPulse\backend\src\services\auth.service.js:11:33)
    at process.processTicksAndRejections (node:internal/process/task_queues:105:5)
    at async C:\Users\Sneha\Desktop\sepmProject\CampusPulse\backend\src\controllers\auth.controller.js:8:18 
2026-05-26 22:22:42 [[31merror[39m]: TypeError: userRepository.verifyPassword is not a function
    at AuthService.loginUser (C:\Users\Sneha\Desktop\sepmProject\CampusPulse\backend\src\services\auth.service.js:30:54)
    at process.processTicksAndRejections (node:internal/process/task_queues:105:5)
    at async C:\Users\Sneha\Desktop\sepmProject\CampusPulse\backend\src\controllers\auth.controller.js:13:19 
2026-05-26 22:25:38 [[31merror[39m]: Error: Invalid credentials.
    at AuthService.loginUser (C:\Users\Sneha\Desktop\sepmProject\CampusPulse\backend\src\services\auth.service.js:31:37)
    at process.processTicksAndRejections (node:internal/process/task_queues:105:5)
    at async C:\Users\Sneha\Desktop\sepmProject\CampusPulse\backend\src\controllers\auth.controller.js:13:19 
2026-05-26 22:34:04 [[31merror[39m]: Error: Unverified users have restricted access.
    at AuthService.loginUser (C:\Users\Sneha\Desktop\sepmProject\CampusPulse\backend\src\services\auth.service.js:34:19)
    at async C:\Users\Sneha\Desktop\sepmProject\CampusPulse\backend\src\controllers\auth.controller.js:13:19 
2026-05-26 22:34:32 [[31merror[39m]: Error: Unverified users have restricted access.
    at AuthService.loginUser (C:\Users\Sneha\Desktop\sepmProject\CampusPulse\backend\src\services\auth.service.js:34:19)
    at async C:\Users\Sneha\Desktop\sepmProject\CampusPulse\backend\src\controllers\auth.controller.js:13:19 
2026-05-27 11:12:11 [[31merror[39m]: TypeError: Cannot read properties of undefined (reading 'findById')
    at C:\Users\Sneha\Desktop\sepmProject\CampusPulse\backend\src\controllers\issue.controller.js:24:59
    at C:\Users\Sneha\Desktop\sepmProject\CampusPulse\backend\src\utils\asyncHandler.js:3:25
    at Layer.handleRequest (C:\Users\Sneha\Desktop\sepmProject\CampusPulse\backend\node_modules\router\lib\layer.js:152:17)
    at next (C:\Users\Sneha\Desktop\sepmProject\CampusPulse\backend\node_modules\router\lib\route.js:157:13)
    at Route.dispatch (C:\Users\Sneha\Desktop\sepmProject\CampusPulse\backend\node_modules\router\lib\route.js:117:3)
    at handle (C:\Users\Sneha\Desktop\sepmProject\CampusPulse\backend\node_modules\router\index.js:435:11)
    at Layer.handleRequest (C:\Users\Sneha\Desktop\sepmProject\CampusPulse\backend\node_modules\router\lib\layer.js:152:17)
    at C:\Users\Sneha\Desktop\sepmProject\CampusPulse\backend\node_modules\router\index.js:295:15
    at param (C:\Users\Sneha\Desktop\sepmProject\CampusPulse\backend\node_modules\router\index.js:600:14)
    at param (C:\Users\Sneha\Desktop\sepmProject\CampusPulse\backend\node_modules\router\index.js:610:14) 
2026-05-27 11:33:16 [[31merror[39m]: AuthenticationError: You are not logged in. Please provide a token.
    at C:\Users\Sneha\Desktop\sepmProject\CampusPulse\backend\src\middleware\auth.middleware.js:16:15
    at C:\Users\Sneha\Desktop\sepmProject\CampusPulse\backend\src\utils\asyncHandler.js:3:25
    at Layer.handleRequest (C:\Users\Sneha\Desktop\sepmProject\CampusPulse\backend\node_modules\router\lib\layer.js:152:17)
    at trimPrefix (C:\Users\Sneha\Desktop\sepmProject\CampusPulse\backend\node_modules\router\index.js:342:13)
    at C:\Users\Sneha\Desktop\sepmProject\CampusPulse\backend\node_modules\router\index.js:297:9
    at processParams (C:\Users\Sneha\Desktop\sepmProject\CampusPulse\backend\node_modules\router\index.js:582:12)
    at next (C:\Users\Sneha\Desktop\sepmProject\CampusPulse\backend\node_modules\router\index.js:291:5)
    at Function.handle (C:\Users\Sneha\Desktop\sepmProject\CampusPulse\backend\node_modules\router\index.js:186:3)
    at router (C:\Users\Sneha\Desktop\sepmProject\CampusPulse\backend\node_modules\router\index.js:60:12)
    at Layer.handleRequest (C:\Users\Sneha\Desktop\sepmProject\CampusPulse\backend\node_modules\router\lib\layer.js:152:17) 
2026-05-27 11:33:36 [[31merror[39m]: AuthenticationError: Invalid or expired token.
    at C:\Users\Sneha\Desktop\sepmProject\CampusPulse\backend\src\middleware\auth.middleware.js:30:15
    at C:\Users\Sneha\Desktop\sepmProject\CampusPulse\backend\src\utils\asyncHandler.js:3:25
    at Layer.handleRequest (C:\Users\Sneha\Desktop\sepmProject\CampusPulse\backend\node_modules\router\lib\layer.js:152:17)
    at trimPrefix (C:\Users\Sneha\Desktop\sepmProject\CampusPulse\backend\node_modules\router\index.js:342:13)
    at C:\Users\Sneha\Desktop\sepmProject\CampusPulse\backend\node_modules\router\index.js:297:9
    at processParams (C:\Users\Sneha\Desktop\sepmProject\CampusPulse\backend\node_modules\router\index.js:582:12)
    at next (C:\Users\Sneha\Desktop\sepmProject\CampusPulse\backend\node_modules\router\index.js:291:5)
    at Function.handle (C:\Users\Sneha\Desktop\sepmProject\CampusPulse\backend\node_modules\router\index.js:186:3)
    at router (C:\Users\Sneha\Desktop\sepmProject\CampusPulse\backend\node_modules\router\index.js:60:12)
    at Layer.handleRequest (C:\Users\Sneha\Desktop\sepmProject\CampusPulse\backend\node_modules\router\lib\layer.js:152:17) 
2026-05-27 11:34:03 [[31merror[39m]: TypeError: Cannot read properties of undefined (reading 'findAll')
    at C:\Users\Sneha\Desktop\sepmProject\CampusPulse\backend\src\controllers\issue.controller.js:17:60
    at C:\Users\Sneha\Desktop\sepmProject\CampusPulse\backend\src\utils\asyncHandler.js:3:25
    at Layer.handleRequest (C:\Users\Sneha\Desktop\sepmProject\CampusPulse\backend\node_modules\router\lib\layer.js:152:17)
    at next (C:\Users\Sneha\Desktop\sepmProject\CampusPulse\backend\node_modules\router\lib\route.js:157:13)
    at Route.dispatch (C:\Users\Sneha\Desktop\sepmProject\CampusPulse\backend\node_modules\router\lib\route.js:117:3)
    at handle (C:\Users\Sneha\Desktop\sepmProject\CampusPulse\backend\node_modules\router\index.js:435:11)
    at Layer.handleRequest (C:\Users\Sneha\Desktop\sepmProject\CampusPulse\backend\node_modules\router\lib\layer.js:152:17)
    at C:\Users\Sneha\Desktop\sepmProject\CampusPulse\backend\node_modules\router\index.js:295:15
    at processParams (C:\Users\Sneha\Desktop\sepmProject\CampusPulse\backend\node_modules\router\index.js:582:12)
    at next (C:\Users\Sneha\Desktop\sepmProject\CampusPulse\backend\node_modules\router\index.js:291:5) 
2026-05-27 11:34:54 [[31merror[39m]: TypeError: Cannot read properties of undefined (reading 'findAll')
    at C:\Users\Sneha\Desktop\sepmProject\CampusPulse\backend\src\controllers\issue.controller.js:17:60
    at C:\Users\Sneha\Desktop\sepmProject\CampusPulse\backend\src\utils\asyncHandler.js:3:25
    at Layer.handleRequest (C:\Users\Sneha\Desktop\sepmProject\CampusPulse\backend\node_modules\router\lib\layer.js:152:17)
    at next (C:\Users\Sneha\Desktop\sepmProject\CampusPulse\backend\node_modules\router\lib\route.js:157:13)
    at Route.dispatch (C:\Users\Sneha\Desktop\sepmProject\CampusPulse\backend\node_modules\router\lib\route.js:117:3)
    at handle (C:\Users\Sneha\Desktop\sepmProject\CampusPulse\backend\node_modules\router\index.js:435:11)
    at Layer.handleRequest (C:\Users\Sneha\Desktop\sepmProject\CampusPulse\backend\node_modules\router\lib\layer.js:152:17)
    at C:\Users\Sneha\Desktop\sepmProject\CampusPulse\backend\node_modules\router\index.js:295:15
    at processParams (C:\Users\Sneha\Desktop\sepmProject\CampusPulse\backend\node_modules\router\index.js:582:12)
    at next (C:\Users\Sneha\Desktop\sepmProject\CampusPulse\backend\node_modules\router\index.js:291:5) 
2026-05-27 11:49:45 [[31merror[39m]: TypeError: Cannot read properties of undefined (reading 'title')
    at C:\Users\Sneha\Desktop\sepmProject\CampusPulse\backend\src\services\base.service.js:16:55
    at Array.filter (<anonymous>)
    at IssueService.validateRequiredFields (C:\Users\Sneha\Desktop\sepmProject\CampusPulse\backend\src\services\base.service.js:16:32)
    at IssueService.validateIssuePayload (C:\Users\Sneha\Desktop\sepmProject\CampusPulse\backend\src\services\issue.service.js:79:14)
    at IssueService.createIssue (C:\Users\Sneha\Desktop\sepmProject\CampusPulse\backend\src\services\issue.service.js:11:14)
    at C:\Users\Sneha\Desktop\sepmProject\CampusPulse\backend\src\controllers\issue.controller.js:10:38
    at C:\Users\Sneha\Desktop\sepmProject\CampusPulse\backend\src\utils\asyncHandler.js:3:25
    at Layer.handleRequest (C:\Users\Sneha\Desktop\sepmProject\CampusPulse\backend\node_modules\router\lib\layer.js:152:17)
    at next (C:\Users\Sneha\Desktop\sepmProject\CampusPulse\backend\node_modules\router\lib\route.js:157:13)
    at C:\Users\Sneha\Desktop\sepmProject\CampusPulse\backend\src\middleware\validate.middleware.js:11:9 
2026-05-27 11:50:47 [[31merror[39m]: TypeError: Cannot read properties of undefined (reading 'title')
    at C:\Users\Sneha\Desktop\sepmProject\CampusPulse\backend\src\services\base.service.js:16:55
    at Array.filter (<anonymous>)
    at IssueService.validateRequiredFields (C:\Users\Sneha\Desktop\sepmProject\CampusPulse\backend\src\services\base.service.js:16:32)
    at IssueService.validateIssuePayload (C:\Users\Sneha\Desktop\sepmProject\CampusPulse\backend\src\services\issue.service.js:79:14)
    at IssueService.createIssue (C:\Users\Sneha\Desktop\sepmProject\CampusPulse\backend\src\services\issue.service.js:11:14)
    at C:\Users\Sneha\Desktop\sepmProject\CampusPulse\backend\src\controllers\issue.controller.js:10:38
    at C:\Users\Sneha\Desktop\sepmProject\CampusPulse\backend\src\utils\asyncHandler.js:3:25
    at Layer.handleRequest (C:\Users\Sneha\Desktop\sepmProject\CampusPulse\backend\node_modules\router\lib\layer.js:152:17)
    at next (C:\Users\Sneha\Desktop\sepmProject\CampusPulse\backend\node_modules\router\lib\route.js:157:13)
    at C:\Users\Sneha\Desktop\sepmProject\CampusPulse\backend\src\middleware\validate.middleware.js:11:9 
2026-05-27 11:57:32 [[31merror[39m]: TypeError: Cannot read properties of undefined (reading 'title')
    at C:\Users\Sneha\Desktop\sepmProject\CampusPulse\backend\src\services\base.service.js:16:55
    at Array.filter (<anonymous>)
    at IssueService.validateRequiredFields (C:\Users\Sneha\Desktop\sepmProject\CampusPulse\backend\src\services\base.service.js:16:32)
    at IssueService.validateIssuePayload (C:\Users\Sneha\Desktop\sepmProject\CampusPulse\backend\src\services\issue.service.js:79:14)
    at IssueService.createIssue (C:\Users\Sneha\Desktop\sepmProject\CampusPulse\backend\src\services\issue.service.js:11:14)
    at C:\Users\Sneha\Desktop\sepmProject\CampusPulse\backend\src\controllers\issue.controller.js:10:38
    at C:\Users\Sneha\Desktop\sepmProject\CampusPulse\backend\src\utils\asyncHandler.js:3:25
    at Layer.handleRequest (C:\Users\Sneha\Desktop\sepmProject\CampusPulse\backend\node_modules\router\lib\layer.js:152:17)
    at next (C:\Users\Sneha\Desktop\sepmProject\CampusPulse\backend\node_modules\router\lib\route.js:157:13)
    at C:\Users\Sneha\Desktop\sepmProject\CampusPulse\backend\src\middleware\validate.middleware.js:11:9 
2026-05-27 11:57:46 [[31merror[39m]: TypeError: Cannot read properties of undefined (reading 'title')
    at C:\Users\Sneha\Desktop\sepmProject\CampusPulse\backend\src\services\base.service.js:16:55
    at Array.filter (<anonymous>)
    at IssueService.validateRequiredFields (C:\Users\Sneha\Desktop\sepmProject\CampusPulse\backend\src\services\base.service.js:16:32)
    at IssueService.validateIssuePayload (C:\Users\Sneha\Desktop\sepmProject\CampusPulse\backend\src\services\issue.service.js:79:14)
    at IssueService.createIssue (C:\Users\Sneha\Desktop\sepmProject\CampusPulse\backend\src\services\issue.service.js:11:14)
    at C:\Users\Sneha\Desktop\sepmProject\CampusPulse\backend\src\controllers\issue.controller.js:10:38
    at C:\Users\Sneha\Desktop\sepmProject\CampusPulse\backend\src\utils\asyncHandler.js:3:25
    at Layer.handleRequest (C:\Users\Sneha\Desktop\sepmProject\CampusPulse\backend\node_modules\router\lib\layer.js:152:17)
    at next (C:\Users\Sneha\Desktop\sepmProject\CampusPulse\backend\node_modules\router\lib\route.js:157:13)
    at C:\Users\Sneha\Desktop\sepmProject\CampusPulse\backend\src\middleware\validate.middleware.js:11:9 
2026-05-27 12:11:41 [[31merror[39m]: NotFoundError: Can't find /api/v1/issues/bcb8736f-47f8-49bb-8291-b5152cd8d551/images on this server!
    at C:\Users\Sneha\Desktop\sepmProject\CampusPulse\backend\src\app.js:46:10
    at Layer.handleRequest (C:\Users\Sneha\Desktop\sepmProject\CampusPulse\backend\node_modules\router\lib\layer.js:152:17)
    at trimPrefix (C:\Users\Sneha\Desktop\sepmProject\CampusPulse\backend\node_modules\router\index.js:342:13)
    at C:\Users\Sneha\Desktop\sepmProject\CampusPulse\backend\node_modules\router\index.js:297:9
    at processParams (C:\Users\Sneha\Desktop\sepmProject\CampusPulse\backend\node_modules\router\index.js:582:12)
    at next (C:\Users\Sneha\Desktop\sepmProject\CampusPulse\backend\node_modules\router\index.js:291:5)
    at C:\Users\Sneha\Desktop\sepmProject\CampusPulse\backend\node_modules\router\index.js:688:15
    at next (C:\Users\Sneha\Desktop\sepmProject\CampusPulse\backend\node_modules\router\index.js:276:14)
    at C:\Users\Sneha\Desktop\sepmProject\CampusPulse\backend\node_modules\router\index.js:688:15
    at next (C:\Users\Sneha\Desktop\sepmProject\CampusPulse\backend\node_modules\router\index.js:276:14) 
2026-05-27 13:58:31 [[31merror[39m]: Error: Cannot find module '../repositories/category.repository'
Require stack:
- C:\Users\Sneha\Desktop\sepmProject\CampusPulse\backend\src\services\issue.service.js
- C:\Users\Sneha\Desktop\sepmProject\CampusPulse\backend\src\controllers\issue.controller.js
- C:\Users\Sneha\Desktop\sepmProject\CampusPulse\backend\src\routes\issue.routes.js
- C:\Users\Sneha\Desktop\sepmProject\CampusPulse\backend\src\routes\index.js
- C:\Users\Sneha\Desktop\sepmProject\CampusPulse\backend\src\app.js
- C:\Users\Sneha\Desktop\sepmProject\CampusPulse\backend\src\server.js
    at Function._resolveFilename (node:internal/modules/cjs/loader:1383:15)
    at defaultResolveImpl (node:internal/modules/cjs/loader:1025:19)
    at resolveForCJSWithHooks (node:internal/modules/cjs/loader:1030:22)
    at Function._load (node:internal/modules/cjs/loader:1192:37)
    at TracingChannel.traceSync (node:diagnostics_channel:322:14)
    at wrapModuleLoad (node:internal/modules/cjs/loader:237:24)
    at Module.require (node:internal/modules/cjs/loader:1463:12)
    at require (node:internal/modules/helpers:147:16)
    at IssueService.createIssue (C:\Users\Sneha\Desktop\sepmProject\CampusPulse\backend\src\services\issue.service.js:20:64)
    at C:\Users\Sneha\Desktop\sepmProject\CampusPulse\backend\src\controllers\issue.controller.js:11:38 
2026-05-27 13:59:00 [[31merror[39m]: Error: Cannot find module '../repositories/category.repository'
Require stack:
- C:\Users\Sneha\Desktop\sepmProject\CampusPulse\backend\src\services\issue.service.js
- C:\Users\Sneha\Desktop\sepmProject\CampusPulse\backend\src\controllers\issue.controller.js
- C:\Users\Sneha\Desktop\sepmProject\CampusPulse\backend\src\routes\issue.routes.js
- C:\Users\Sneha\Desktop\sepmProject\CampusPulse\backend\src\routes\index.js
- C:\Users\Sneha\Desktop\sepmProject\CampusPulse\backend\src\app.js
- C:\Users\Sneha\Desktop\sepmProject\CampusPulse\backend\src\server.js
    at Function._resolveFilename (node:internal/modules/cjs/loader:1383:15)
    at defaultResolveImpl (node:internal/modules/cjs/loader:1025:19)
    at resolveForCJSWithHooks (node:internal/modules/cjs/loader:1030:22)
    at Function._load (node:internal/modules/cjs/loader:1192:37)
    at TracingChannel.traceSync (node:diagnostics_channel:322:14)
    at wrapModuleLoad (node:internal/modules/cjs/loader:237:24)
    at Module.require (node:internal/modules/cjs/loader:1463:12)
    at require (node:internal/modules/helpers:147:16)
    at IssueService.createIssue (C:\Users\Sneha\Desktop\sepmProject\CampusPulse\backend\src\services\issue.service.js:20:64)
    at C:\Users\Sneha\Desktop\sepmProject\CampusPulse\backend\src\controllers\issue.controller.js:11:38 
2026-05-27 14:20:00 [[31merror[39m]: NotFoundError: Can't find /api/v1/authorities/auth_estate/issues/issues?status=reported on this server!
    at C:\Users\Sneha\Desktop\sepmProject\CampusPulse\backend\src\app.js:50:10
    at Layer.handleRequest (C:\Users\Sneha\Desktop\sepmProject\CampusPulse\backend\node_modules\router\lib\layer.js:152:17)
    at trimPrefix (C:\Users\Sneha\Desktop\sepmProject\CampusPulse\backend\node_modules\router\index.js:342:13)
    at C:\Users\Sneha\Desktop\sepmProject\CampusPulse\backend\node_modules\router\index.js:297:9
    at processParams (C:\Users\Sneha\Desktop\sepmProject\CampusPulse\backend\node_modules\router\index.js:582:12)
    at Immediate.next (C:\Users\Sneha\Desktop\sepmProject\CampusPulse\backend\node_modules\router\index.js:291:5)
    at Immediate._onImmediate (C:\Users\Sneha\Desktop\sepmProject\CampusPulse\backend\node_modules\router\index.js:688:15)
    at process.processImmediate (node:internal/timers:487:21) 
